[2025-10-15 10:42:03,492] multiqc                                            [DEBUG  ]  This is MultiQC v1.14
[2025-10-15 10:42:03,493] multiqc                                            [DEBUG  ]  Command used: /home/rs1/1-software/miniconda3/envs/ACS/bin/multiqc 2-fastqc_out/ -p -f -o 2-fastqc_out/
[2025-10-15 10:42:05,029] multiqc                                            [WARNING]  MultiQC Version v1.31 now available!
[2025-10-15 10:42:05,029] multiqc                                            [DEBUG  ]  Working dir : /home/project5/sfzhang_2024/project/SO.20250627001--1-ATAC-yeast/NEW
[2025-10-15 10:42:05,029] multiqc                                            [DEBUG  ]  Template    : default
[2025-10-15 10:42:05,029] multiqc                                            [DEBUG  ]  Running Python 3.9.16 | packaged by conda-forge | (main, Feb  1 2023, 21:39:03)  [GCC 11.3.0]
[2025-10-15 10:42:05,030] multiqc                                            [DEBUG  ]  Analysing modules: custom_content, ccs, ngsderive, purple, conpair, lima, peddy, somalier, methylQA, mosdepth, phantompeakqualtools, qualimap, preseq, hifiasm, quast, qorts, rna_seqc, rockhopper, rsem, rseqc, busco, bustools, goleft_indexcov, gffcompare, disambiguate, supernova, deeptools, sargasso, verifybamid, mirtrace, happy, mirtop, sambamba, gopeaks, homer, hops, macs2, theta2, snpeff, gatk, htseq, bcftools, featureCounts, fgbio, dragen, dragen_fastqc, dedup, pbmarkdup, damageprofiler, biobambam2, jcvi, mtnucratio, picard, vep, sentieon, prokka, qc3C, nanostat, samblaster, samtools, sexdeterrmine, eigenstratdatabasetools, bamtools, jellyfish, vcftools, longranger, stacks, varscan2, snippy, umitools, bbmap, bismark, biscuit, diamond, hicexplorer, hicup, hicpro, salmon, kallisto, slamdunk, star, hisat2, tophat, bowtie2, bowtie1, cellranger, snpsplit, odgi, pangolin, nextclade, humid, kat, leehom, adapterRemoval, bbduk, clipandmerge, cutadapt, flexbar, kaiju, kraken, malt, motus, trimmomatic, sickle, skewer, sortmerna, biobloomtools, fastq_screen, afterqc, fastp, fastqc, filtlong, prinseqplusplus, pychopper, porechop, pycoqc, minionqc, anglerfish, multivcfanalyzer, clusterflow, checkqc, bcl2fastq, bclconvert, interop, ivar, flash, seqyclean, optitype, whatshap
[2025-10-15 10:42:05,030] multiqc                                            [DEBUG  ]  Using temporary directory for creating report: /tmp/tmpy__lvu3q
[2025-10-15 10:42:05,108] multiqc                                            [INFO   ]  Search path : /home/project5/sfzhang_2024/project/SO.20250627001--1-ATAC-yeast/NEW/2-fastqc_out
[2025-10-15 10:42:05,595] multiqc                                            [DEBUG  ]  Summary of files that were skipped by the search: [skipped_module_specific_max_filesize: 132] // [skipped_no_match: 42] // [skipped_ignore_pattern: 10] // [skipped_directory_fn_ignore_dirs: 1]
[2025-10-15 10:42:06,038] multiqc.plots.bargraph                             [DEBUG  ]  Using matplotlib version 3.7.1
[2025-10-15 10:42:06,040] multiqc.plots.linegraph                            [DEBUG  ]  Using matplotlib version 3.7.1
[2025-10-15 10:42:06,041] multiqc                                            [DEBUG  ]  No samples found: custom_content
[2025-10-15 10:42:06,065] multiqc.modules.fastqc.fastqc                      [INFO   ]  Found 12 reports
[2025-10-15 10:42:14,200] multiqc                                            [INFO   ]  Compressing plot data
[2025-10-15 10:42:14,354] multiqc                                            [WARNING]  Deleting    : 2-fastqc_out/multiqc_data   (-f was specified)
[2025-10-15 10:42:14,366] multiqc                                            [WARNING]  Deleting    : 2-fastqc_out/multiqc_plots   (-f was specified)
[2025-10-15 10:42:14,367] multiqc                                            [INFO   ]  Report      : 2-fastqc_out/multiqc_report.html
[2025-10-15 10:42:14,368] multiqc                                            [INFO   ]  Data        : 2-fastqc_out/multiqc_data
[2025-10-15 10:42:14,368] multiqc                                            [DEBUG  ]  Moving data file from '/tmp/tmpy__lvu3q/multiqc_data' to '2-fastqc_out/multiqc_data'
[2025-10-15 10:42:14,371] multiqc                                            [INFO   ]  Plots       : 2-fastqc_out/multiqc_plots
[2025-10-15 10:42:14,371] multiqc                                            [DEBUG  ]  Moving plots directory from '/tmp/tmpy__lvu3q/multiqc_plots' to '2-fastqc_out/multiqc_plots'
[2025-10-15 10:42:14,463] multiqc                                            [INFO   ]  MultiQC complete
